Command line:
   DFlipFlop_isim_beh.exe
     -simmode  gui
     -simrunnum  0
     -socket  49624

Fri Feb 20 21:31:47 2015


 Elaboration Time: 0.0468 sec

 Current Memory Usage: 665.338 Meg

 Total Signals          : 35
 Total Nets             : 28
 Total Signal Drivers   : 16
 Total Blocks           : 4
 Total Primitive Blocks : 3
 Total Processes        : 17
 Total Traceable Variables  : 18
 Total Scalar Nets and Variables : 108
Total Line Count : 16

 Total Simulation Time: 0.0624 sec

 Current Memory Usage: 665.338 Meg

Fri Feb 20 21:31:56 2015

